<?xml version="1.0" encoding="UTF-8"?>
<!-- Generated by org.testng.reporters.JUnitReportReporter -->
<testsuite hostname="DESKTOP-GRCB15Q" failures="0" tests="1" name="myPackage.MobileTestFirst" time="58.639" errors="0" timestamp="2023-10-15T15:38:08 EET" skipped="0">
  <testcase classname="myPackage.MobileTestFirst" name="TestTheBrowser" time="58.639"/>
  <system-out/>
</testsuite> <!-- myPackage.MobileTestFirst -->
